<?xml version="1.0" encoding="UTF-8"?>
<!-- Generated by org.testng.reporters.JUnitXMLReporter -->
<testsuite ignored="0" hostname="LAPTOP-1VSQS6L8" failures="0" tests="2" name="Cucumber Tests" time="74.467" errors="0" timestamp="2025-11-02T16:28:10 IST">
  <testcase classname="io.cucumber.testng.AbstractTestNGCucumberTests" name="runScenario" time="18.968"/>
  <testcase classname="io.cucumber.testng.AbstractTestNGCucumberTests" name="runScenario" time="53.335"/>
</testsuite> <!-- Cucumber Tests -->
