<?xml version="1.0" encoding="UTF-8"?>
<testsuite xmlns:xsi="http://www.w3.org/2001/XMLSchema-instance" xsi:noNamespaceSchemaLocation="https://maven.apache.org/surefire/maven-surefire-plugin/xsd/surefire-test-report-3.0.xsd" version="3.0" name="TestSuite" time="75.418" tests="2" errors="0" skipped="0" failures="0">
  <properties>
[...]
</properties>
  <testcase name="runScenario[&quot;Verify Home Page Title&quot;, &quot;Home Page Verification&quot;](1)" classname="com.qaone.runners.TestRunner" time="18.975">
    <system-out><![CDATA[
Scenario: Verify Home Page Title                                            &amp#27;[90m# src/test/resources/features/HomePage.feature:6&amp#27;[0m
  &amp#27;[32mGiven &amp#27;[0m&amp#27;[32mI am on the Execute Automation home page&amp#27;[0m                            &amp#27;[90m# com.qaone.stepdefinitions.HomePageSteps.i_am_on_the_execute_automation_home_page()&amp#27;[0m
  &amp#27;[32mThen &amp#27;[0m&amp#27;[32mI should see the page title &amp#27;[0m&amp#27;[32m&amp#27;[1m"Home - Execute Automation Employee App"&amp#27;[0m &amp#27;[90m# com.qaone.stepdefinitions.HomePageSteps.i_should_see_the_page_title(java.lang.String)&amp#27;[0m
]]></system-out>
    <system-err><![CDATA[SLF4J(W): No SLF4J providers were found.
SLF4J(W): Defaulting to no-operation (NOP) logger implementation
SLF4J(W): See https://www.slf4j.org/codes.html#noProviders for further details.
]]></system-err>
  </testcase>
  <testcase name="runScenario[&quot;Verify Employee list and search&quot;, &quot;Home Page Verification&quot;](2)" classname="com.qaone.runners.TestRunner" time="53.33">
    <system-out><![CDATA[
Scenario: Verify Employee list and search                              &amp#27;[90m# src/test/resources/features/HomePage.feature:10&amp#27;[0m
  &amp#27;[32mGiven &amp#27;[0m&amp#27;[32mI navigate to the employee list&amp#27;[0m                                &amp#27;[90m# com.qaone.stepdefinitions.HomePageSteps.i_navigate_to_the_employee_list()&amp#27;[0m
  &amp#27;[32mThen &amp#27;[0m&amp#27;[32mthe first row name should be &amp#27;[0m&amp#27;[32m&amp#27;[1m"Updated Karthikedited"&amp#27;[0m            &amp#27;[90m# com.qaone.stepdefinitions.HomePageSteps.the_first_row_name_should_be(java.lang.String)&amp#27;[0m
  &amp#27;[32mWhen &amp#27;[0m&amp#27;[32mI search for &amp#27;[0m&amp#27;[32m&amp#27;[1m"abhi"&amp#27;[0m                                             &amp#27;[90m# com.qaone.stepdefinitions.HomePageSteps.i_search_for(java.lang.String)&amp#27;[0m
First row full text: abhi | 1200 | 5 | 2 | mkgmail@gmail.om | Benefits Edit Delete
  &amp#27;[32mThen &amp#27;[0m&amp#27;[32mthe first row name should be &amp#27;[0m&amp#27;[32m&amp#27;[1m"abhi"&amp#27;[0m&amp#27;[32m and salary should be &amp#27;[0m&amp#27;[32m&amp#27;[1m"1200"&amp#27;[0m &amp#27;[90m# com.qaone.stepdefinitions.HomePageSteps.the_first_row_name_and_salary_should_be(java.lang.String,java.lang.String)&amp#27;[0m
]]></system-out>
  </testcase>
</testsuite>