<?xml version="1.0" encoding="UTF-8"?>
<testng-results ignored="0" total="2" passed="2" failed="0" skipped="0">
  <reporter-output>
  </reporter-output>
  <suite started-at="2025-11-02T16:26:56 IST" name="QA Test Suite" finished-at="2025-11-02T16:28:10 IST" duration-ms="74467">
    <groups>
      <group name="cucumber">
        <method signature="AbstractTestNGCucumberTests.runScenario(io.cucumber.testng.PickleWrapper,io.cucumber.testng.FeatureWrapper)[pri:0, instance:com.qaone.runners.TestRunner@34e9fd99]" name="runScenario" class="io.cucumber.testng.AbstractTestNGCucumberTests"/>
      </group> <!-- cucumber -->
    </groups>
    <test started-at="2025-11-02T16:26:56 IST" name="Cucumber Tests" finished-at="2025-11-02T16:28:10 IST" duration-ms="74467">
      <class name="com.qaone.runners.TestRunner">
        <test-method is-config="true" signature="setUpClass(org.testng.ITestContext)[pri:0, instance:com.qaone.runners.TestRunner@34e9fd99]" started-at="2025-11-02T16:26:56 IST" name="setUpClass" finished-at="2025-11-02T16:26:57 IST" duration-ms="1179" status="PASS">
          <params>
            <param index="0">
              <value>
                <![CDATA[org.testng.TestRunner@2a04ab05]]>
              </value>
            </param>
          </params>
          <reporter-output>
          </reporter-output>
        </test-method> <!-- setUpClass -->
        <test-method is-config="true" signature="setup()[pri:0, instance:com.qaone.runners.TestRunner@34e9fd99]" started-at="2025-11-02T16:26:57 IST" name="setup" finished-at="2025-11-02T16:26:58 IST" duration-ms="304" status="PASS">
          <reporter-output>
          </reporter-output>
        </test-method> <!-- setup -->
        <test-method signature="runScenario(io.cucumber.testng.PickleWrapper,io.cucumber.testng.FeatureWrapper)[pri:0, instance:com.qaone.runners.TestRunner@34e9fd99]" started-at="2025-11-02T16:26:58 IST" name="runScenario" description="Runs Cucumber Scenarios" data-provider="scenarios" finished-at="2025-11-02T16:27:16 IST" duration-ms="18968" status="PASS">
          <params>
            <param index="0">
              <value>
                <![CDATA["Verify Home Page Title"]]>
              </value>
            </param>
            <param index="1">
              <value>
                <![CDATA["Home Page Verification"]]>
              </value>
            </param>
          </params>
          <reporter-output>
          </reporter-output>
        </test-method> <!-- runScenario -->
        <test-method signature="runScenario(io.cucumber.testng.PickleWrapper,io.cucumber.testng.FeatureWrapper)[pri:0, instance:com.qaone.runners.TestRunner@34e9fd99]" started-at="2025-11-02T16:27:16 IST" name="runScenario" description="Runs Cucumber Scenarios" data-provider="scenarios" finished-at="2025-11-02T16:28:10 IST" duration-ms="53335" status="PASS">
          <params>
            <param index="0">
              <value>
                <![CDATA["Verify Employee list and search"]]>
              </value>
            </param>
            <param index="1">
              <value>
                <![CDATA["Home Page Verification"]]>
              </value>
            </param>
          </params>
          <reporter-output>
          </reporter-output>
        </test-method> <!-- runScenario -->
        <test-method is-config="true" signature="teardown()[pri:0, instance:com.qaone.runners.TestRunner@34e9fd99]" started-at="2025-11-02T16:28:10 IST" name="teardown" finished-at="2025-11-02T16:28:10 IST" duration-ms="500" status="PASS">
          <reporter-output>
          </reporter-output>
        </test-method> <!-- teardown -->
        <test-method is-config="true" signature="tearDownClass()[pri:0, instance:com.qaone.runners.TestRunner@34e9fd99]" started-at="2025-11-02T16:28:10 IST" name="tearDownClass" finished-at="2025-11-02T16:28:10 IST" duration-ms="96" status="PASS">
          <reporter-output>
          </reporter-output>
        </test-method> <!-- tearDownClass -->
      </class> <!-- com.qaone.runners.TestRunner -->
    </test> <!-- Cucumber Tests -->
  </suite> <!-- QA Test Suite -->
</testng-results>
