<?xml version="1.0" encoding="UTF-8"?>
<!-- Generated by org.testng.reporters.JUnitReportReporter -->
<testsuite hostname="LAPTOP-1VSQS6L8" failures="0" tests="2" name="com.qaone.runners.TestRunner" time="72.303" errors="0" timestamp="2025-11-02T16:28:11 IST" skipped="0">
  <testcase classname="com.qaone.runners.TestRunner" name="runScenario" time="18.968"/>
  <testcase classname="com.qaone.runners.TestRunner" name="runScenario" time="53.335"/>
</testsuite> <!-- com.qaone.runners.TestRunner -->
